There are 14 section headers, starting at offset 0x394:

Section Headers:
  [Nr] Name              Type            Addr     Off    Size   ES Flg Lk Inf Al
  [ 0]                   NULL            00000000 000000 000000 00      0   0  0
  [ 1] .text             PROGBITS        00000000 000034 00002e 00  AX  0   0  2
  [ 2] .rela.text        RELA            00000000 0002d8 000048 0c   I 11   1  4
  [ 3] .data             PROGBITS        00000000 000062 000000 00  WA  0   0  1
  [ 4] .bss              NOBITS          00000000 000064 000004 00  WA  0   0  4
  [ 5] .sdata            PROGBITS        00000000 000064 000008 00  WA  0   0  4
  [ 6] .srodata          PROGBITS        00000000 00006c 000004 00   A  0   0  4
  [ 7] .rodata           PROGBITS        00000000 000070 00000d 00   A  0   0  4
  [ 8] .comment          PROGBITS        00000000 00007d 00001a 01  MS  0   0  1
  [ 9] .note.GNU-stack   PROGBITS        00000000 000097 000000 00      0   0  1
  [10] .riscv.attributes RISCV_ATTRIBUTE 00000000 000097 000066 00      0   0  1
  [11] .symtab           SYMTAB          00000000 000100 000130 10     12  15  4
  [12] .strtab           STRTAB          00000000 000230 0000a7 00      0   0  1
  [13] .shstrtab         STRTAB          00000000 000320 000074 00      0   0  1
Key to Flags:
  W (write), A (alloc), X (execute), M (merge), S (strings), I (info),
  L (link order), O (extra OS processing required), G (group), T (TLS),
  C (compressed), x (unknown), o (OS specific), E (exclude),
  D (mbind), p (processor specific)
